d:\work\prj\sgitdemo42\sgitdemo42\debug\vc120.pdb
d:\work\prj\sgitdemo42\sgitdemo42\debug\vc120.idb
d:\work\prj\sgitdemo42\sgitdemo42\debug\log.obj
d:\work\prj\sgitdemo42\sgitdemo42\debug\tinyxml2.obj
d:\work\prj\sgitdemo42\sgitdemo42\debug\arbitrage.obj
d:\work\prj\sgitdemo42\sgitdemo42\debug\arborditem.obj
d:\work\prj\sgitdemo42\sgitdemo42\debug\dbman.obj
d:\work\prj\sgitdemo42\sgitdemo42\debug\dttm.obj
d:\work\prj\sgitdemo42\sgitdemo42\debug\getparam.obj
d:\work\prj\sgitdemo42\sgitdemo42\debug\main.obj
d:\work\prj\sgitdemo42\sgitdemo42\debug\mdspi.obj
d:\work\prj\sgitdemo42\sgitdemo42\debug\syslog.obj
d:\work\prj\sgitdemo42\sgitdemo42\debug\tradespi.obj
d:\work\prj\sgitdemo42\sgitdemo42\debug\utils.obj
d:\work\prj\sgitdemo42\sgitdemo42\debug\zc_util.obj
d:\work\prj\sgitdemo42\bin\taotaoxia.ilk
d:\work\prj\sgitdemo42\bin\taotaoxia.exe
d:\work\prj\sgitdemo42\bin\taotaoxia.pdb
d:\work\prj\sgitdemo42\sgitdemo42\debug\sgitdemo42.tlog\cl.command.1.tlog
d:\work\prj\sgitdemo42\sgitdemo42\debug\sgitdemo42.tlog\cl.read.1.tlog
d:\work\prj\sgitdemo42\sgitdemo42\debug\sgitdemo42.tlog\cl.write.1.tlog
d:\work\prj\sgitdemo42\sgitdemo42\debug\sgitdemo42.tlog\link.command.1.tlog
d:\work\prj\sgitdemo42\sgitdemo42\debug\sgitdemo42.tlog\link.read.1.tlog
d:\work\prj\sgitdemo42\sgitdemo42\debug\sgitdemo42.tlog\link.write.1.tlog
