生成启动时间为 2017/4/25 14:23:31。
     1>项目“E:\dmdm\SgitDemo42\SgitDemo42\SgitDemo42.vcxproj”在节点 2 上(Rebuild 个目标)。
     1>ClCompile:
         C:\Program Files (x86)\Microsoft Visual Studio 12.0\VC\bin\x86_amd64\CL.exe /c /Zi /nologo /W3 /WX- /Od /D WIN32 /D _DEBUG /D _CONSOLE /D _CRT_SECURE_NO_WARNINGS /D _UNICODE /D UNICODE /Gm /EHsc /RTC1 /MDd /GS /fp:precise /Zc:wchar_t /Zc:forScope /Fo"x64\Debug\\" /Fd"x64\Debug\vc120.pdb" /Gd /TP /errorReport:prompt ..\s_log\log.cpp ..\s_xml\tinyxml2.cpp GetParam.cpp main.cpp Mdspi.cpp TradeSpi.cpp
         TradeSpi.cpp
         Mdspi.cpp
     1>Mdspi.cpp(97): warning C4800: “fstech::CThostDeferDeliveryQuot *”: 将值强制为布尔值“true”或“false”(性能警告)
         main.cpp
         GetParam.cpp
         tinyxml2.cpp
         log.cpp
         正在生成代码...
       Link:
         C:\Program Files (x86)\Microsoft Visual Studio 12.0\VC\bin\x86_amd64\link.exe /ERRORREPORT:PROMPT /OUT:"E:\dmdm\SgitDemo42\x64\Debug\SgitDemo42D.exe" /INCREMENTAL /NOLOGO kernel32.lib user32.lib gdi32.lib winspool.lib comdlg32.lib advapi32.lib shell32.lib ole32.lib oleaut32.lib uuid.lib odbc32.lib odbccp32.lib /MANIFEST /MANIFESTUAC:"level='asInvoker' uiAccess='false'" /manifest:embed /DEBUG /PDB:"E:\dmdm\SgitDemo42\x64\Debug\SgitDemo42D.pdb" /SUBSYSTEM:CONSOLE /TLBID:1 /DYNAMICBASE /NXCOMPAT /IMPLIB:"E:\dmdm\SgitDemo42\x64\Debug\SgitDemo42D.lib" /MACHINE:X64 x64\Debug\log.obj
         x64\Debug\tinyxml2.obj
         x64\Debug\GetParam.obj
         x64\Debug\main.obj
         x64\Debug\Mdspi.obj
         x64\Debug\TradeSpi.obj
     1>main.obj : error LNK2019: 无法解析的外部符号 "public: static class fstech::CThostFtdcTraderApi * __cdecl fstech::CThostFtdcTraderApi::CreateFtdcTraderApi(char const *)" (?CreateFtdcTraderApi@CThostFtdcTraderApi@fstech@@SAPEAV12@PEBD@Z)，该符号在函数 main 中被引用
     1>main.obj : error LNK2019: 无法解析的外部符号 "public: static class fstech::CThostFtdcMdApi * __cdecl fstech::CThostFtdcMdApi::CreateFtdcMdApi(char const *,bool,bool)" (?CreateFtdcMdApi@CThostFtdcMdApi@fstech@@SAPEAV12@PEBD_N1@Z)，该符号在函数 main 中被引用
     1>E:\dmdm\SgitDemo42\x64\Debug\SgitDemo42D.exe : fatal error LNK1120: 2 个无法解析的外部命令
     1>已完成生成项目“E:\dmdm\SgitDemo42\SgitDemo42\SgitDemo42.vcxproj”(Rebuild 个目标)的操作 - 失败。

生成失败。

已用时间 00:00:03.26
